<?xml version="1.0" encoding="UTF-8"?>
<!-- Generated by org.testng.reporters.JUnitReportReporter -->
<testsuite hostname="Finny" failures="0" tests="5" name="Techademy.Assignment.Question5_2" time="11.536" errors="0" timestamp="2023-10-20T01:56:17 IST" skipped="1">
  <testcase classname="Techademy.Assignment.Question5_2" name="testProductsLink" time="4.293"/>
  <testcase classname="Techademy.Assignment.Question5_2" name="testResourcesLink" time="1.991"/>
  <testcase classname="Techademy.Assignment.Question5_2" name="testBeyondRPALink" time="2.707"/>
  <testcase classname="Techademy.Assignment.Question5_2" name="testCompanyLink" time="2.545"/>
  <testcase classname="Techademy.Assignment.Question5_2" name="testSolutionsLink">
    <skipped/>
  </testcase> <!-- testSolutionsLink -->
</testsuite> <!-- Techademy.Assignment.Question5_2 -->
