<?xml version="1.0" encoding="UTF-8"?>
<!-- Generated by org.testng.reporters.JUnitReportReporter -->
<testsuite hostname="Finny" failures="0" tests="2" name="Techademy.Assignment.Question5_1" time="0.793" errors="0" timestamp="2023-10-20T01:56:17 IST" skipped="0">
  <testcase classname="Techademy.Assignment.Question5_1" name="testAutomationAnywhereLogo" time="0.516"/>
  <testcase classname="Techademy.Assignment.Question5_1" name="testRequestDemoButton" time="0.277"/>
</testsuite> <!-- Techademy.Assignment.Question5_1 -->
